0 info it worked if it ends with ok
1 verbose cli [ '/Users/mattcasey/.nvm/versions/node/v7.2.1/bin/node',
1 verbose cli   '/Users/mattcasey/.nvm/versions/node/v7.2.1/bin/npm',
1 verbose cli   'run',
1 verbose cli   'start' ]
2 info using npm@3.10.10
3 info using node@v7.2.1
4 verbose run-script [ 'prestart', 'start', 'poststart' ]
5 info lifecycle my-node-app@0.0.1~prestart: my-node-app@0.0.1
6 silly lifecycle my-node-app@0.0.1~prestart: no script for prestart, continuing
7 info lifecycle my-node-app@0.0.1~start: my-node-app@0.0.1
8 verbose lifecycle my-node-app@0.0.1~start: unsafe-perm in lifecycle true
9 verbose lifecycle my-node-app@0.0.1~start: PATH: /Users/mattcasey/.nvm/versions/node/v7.2.1/lib/node_modules/npm/bin/node-gyp-bin:/Users/mattcasey/my_repos/civic-panda/api-server/node_modules/.bin:/Users/mattcasey/Downloads/google-cloud-sdk/bin:/Users/mattcasey/.nvm/versions/node/v7.2.1/bin:/usr/local/heroku/bin:/usr/local/share/npm/bin:/usr/local/Cellar/mongodb/3.2.0/bin:/usr/local/bin:/Users/mattcasey/.rvm/gems/ruby-1.9.3-p429/bin:/Users/mattcasey/.rvm/gems/ruby-1.9.3-p429@global/bin:/Users/mattcasey/.rvm/rubies/ruby-1.9.3-p429/bin:/Users/mattcasey/.rvm/bin:/usr/bin:/bin:/usr/sbin:/sbin:/usr/local/bin:/Users/mattcasey/.node/bin:/Users/mattcasey/Library/Android/sdk/platform-tools:/Users/mattcasey/.rvm/bin:/tools:/platform-tools:/Users/mattcasey/.rvm/bin
10 verbose lifecycle my-node-app@0.0.1~start: CWD: /Users/mattcasey/my_repos/civic-panda/api-server
11 silly lifecycle my-node-app@0.0.1~start: Args: [ '-c', 'NODE_ENV=production node ./build/index.js' ]
12 silly lifecycle my-node-app@0.0.1~start: Returned: code: 1  signal: null
13 info lifecycle my-node-app@0.0.1~start: Failed to exec start script
14 verbose stack Error: my-node-app@0.0.1 start: `NODE_ENV=production node ./build/index.js`
14 verbose stack Exit status 1
14 verbose stack     at EventEmitter.<anonymous> (/Users/mattcasey/.nvm/versions/node/v7.2.1/lib/node_modules/npm/lib/utils/lifecycle.js:255:16)
14 verbose stack     at emitTwo (events.js:106:13)
14 verbose stack     at EventEmitter.emit (events.js:191:7)
14 verbose stack     at ChildProcess.<anonymous> (/Users/mattcasey/.nvm/versions/node/v7.2.1/lib/node_modules/npm/lib/utils/spawn.js:40:14)
14 verbose stack     at emitTwo (events.js:106:13)
14 verbose stack     at ChildProcess.emit (events.js:191:7)
14 verbose stack     at maybeClose (internal/child_process.js:885:16)
14 verbose stack     at Process.ChildProcess._handle.onexit (internal/child_process.js:226:5)
15 verbose pkgid my-node-app@0.0.1
16 verbose cwd /Users/mattcasey/my_repos/civic-panda/api-server
17 error Darwin 15.6.0
18 error argv "/Users/mattcasey/.nvm/versions/node/v7.2.1/bin/node" "/Users/mattcasey/.nvm/versions/node/v7.2.1/bin/npm" "run" "start"
19 error node v7.2.1
20 error npm  v3.10.10
21 error code ELIFECYCLE
22 error my-node-app@0.0.1 start: `NODE_ENV=production node ./build/index.js`
22 error Exit status 1
23 error Failed at the my-node-app@0.0.1 start script 'NODE_ENV=production node ./build/index.js'.
23 error Make sure you have the latest version of node.js and npm installed.
23 error If you do, this is most likely a problem with the my-node-app package,
23 error not with npm itself.
23 error Tell the author that this fails on your system:
23 error     NODE_ENV=production node ./build/index.js
23 error You can get information on how to open an issue for this project with:
23 error     npm bugs my-node-app
23 error Or if that isn't available, you can get their info via:
23 error     npm owner ls my-node-app
23 error There is likely additional logging output above.
24 verbose exit [ 1, true ]
